-------------------------------------------------------------------------------
Test set: myboot.dao.TestCVRepository
-------------------------------------------------------------------------------
Tests run: 1, Failures: 0, Errors: 1, Skipped: 0, Time elapsed: 3.834 s <<< FAILURE! - in myboot.dao.TestCVRepository
tester  Time elapsed: 0.002 s  <<< ERROR!
java.lang.IllegalStateException: Failed to load ApplicationContext
Caused by: org.springframework.beans.factory.BeanCreationException: Error creating bean with name 'entityManagerFactory' defined in class path resource [org/springframework/boot/autoconfigure/orm/jpa/HibernateJpaConfiguration.class]: Invocation of init method failed; nested exception is org.hibernate.AnnotationException: Unknown mappedBy in: myboot.model.CV.owner, referenced property unknown: myboot.model.Person.cv
Caused by: org.hibernate.AnnotationException: Unknown mappedBy in: myboot.model.CV.owner, referenced property unknown: myboot.model.Person.cv

